2024-02-26 20:52:25,993 - DEBUG - uiname is ImageOutport
2024-02-26 20:52:25,994 - DEBUG - toplevel widget is ImageOutport
2024-02-26 20:52:25,994 - DEBUG - setting property geometry
2024-02-26 20:52:25,994 - DEBUG - setting property windowTitle
2024-02-26 20:52:25,995 - DEBUG - setting property styleSheet
2024-02-26 20:52:25,995 - DEBUG - push ImageOutport ImageOutport
2024-02-26 20:52:25,996 - DEBUG - push QGridLayout gridLayout
2024-02-26 20:52:25,997 - DEBUG - push QVBoxLayout verticalLayout
2024-02-26 20:52:26,441 - DEBUG - push QComboBox FTCombobox
2024-02-26 20:52:26,443 - DEBUG - pop widget QComboBox FTCombobox
2024-02-26 20:52:26,443 - DEBUG - new topwidget <__main__.ImageOutport object at 0x7f44d05e9900>
2024-02-26 20:52:26,443 - DEBUG - push QHBoxLayout horizontalLayout
2024-02-26 20:52:26,446 - DEBUG - push GraphicsLayoutWidget ImageWidget
2024-02-26 20:52:26,446 - DEBUG - pop widget GraphicsLayoutWidget ImageWidget
2024-02-26 20:52:26,446 - DEBUG - new topwidget <__main__.ImageOutport object at 0x7f44d05e9900>
2024-02-26 20:52:26,447 - DEBUG - push GraphicsLayoutWidget FTWidget
2024-02-26 20:52:26,448 - DEBUG - pop widget GraphicsLayoutWidget FTWidget
2024-02-26 20:52:26,448 - DEBUG - new topwidget <__main__.ImageOutport object at 0x7f44d05e9900>
2024-02-26 20:52:26,448 - DEBUG - pop layout QHBoxLayout horizontalLayout
2024-02-26 20:52:26,448 - DEBUG - pop layout QVBoxLayout verticalLayout
2024-02-26 20:52:26,448 - DEBUG - pop layout QGridLayout gridLayout
2024-02-26 20:52:26,448 - DEBUG - pop widget ImageOutport ImageOutport
2024-02-26 20:52:26,448 - DEBUG - new topwidget None
